<!DOCTYPE html PUBLIC "-//W3C//DTD XHTML 1.1//EN" "https://www.w3.org/TR/xhtml11/DTD/xhtml11.dtd">
<html xmlns="https://www.w3.org/1999/xhtml">
<head>
<meta http-equiv="content-type" content="text/html; charset=UTF-8"/>
<title>TestNG Report</title>
<style type="text/css">table {margin-bottom:10px;border-collapse:collapse;empty-cells:show}th,td {border:1px solid #009;padding:.25em .5em}th {vertical-align:bottom}td {vertical-align:top}table a {font-weight:bold}.stripe td {background-color: #E6EBF9}.num {text-align:right}.passedodd td {background-color: #3F3}.passedeven td {background-color: #0A0}.skippedodd td {background-color: #DDD}.skippedeven td {background-color: #CCC}.failedodd td,.attn {background-color: #F33}.failedeven td,.stripe .attn {background-color: #D00}.stacktrace {white-space:pre;font-family:monospace}.totop {font-size:85%;text-align:center;border-bottom:2px solid #000}.invisible {display:none}</style>
</head>
<body>
<table>
<tr><th>Test</th><th># Passed</th><th># Skipped</th><th># Retried</th><th># Failed</th><th>Time (ms)</th><th>Included Groups</th><th>Excluded Groups</th></tr>
<tr><th colspan="8">Regression Suite</th></tr>
<tr><td><a href="#t0">Regression Test</a></td><td class="num">40</td><td class="num">0</td><td class="num">0</td><td class="num attn">14</td><td class="num">10,344</td><td></td><td></td></tr>
</table>
<table id='summary'><thead><tr><th>Class</th><th>Method</th><th>Start</th><th>Time (ms)</th></tr></thead><tbody><tr><th colspan="4">Regression Suite</th></tr></tbody><tbody id="t0"><tr><th colspan="4">Regression Test &#8212; failed</th></tr><tr class="failedeven"><td rowspan="3">testCases.US1CreateHeroAPI</td><td><a href="#m0">US1testWithCsvData</a></td><td rowspan="3">1732938620456</td><td rowspan="3">15</td></tr><tr class="failedeven"><td><a href="#m1">US1testWithCsvData</a></td></tr><tr class="failedeven"><td><a href="#m2">US1testWithCsvData</a></td></tr><tr class="failedodd"><td rowspan="7">testCases.US2CreateHeroClerkDashboard</td><td><a href="#m3">US2testCase11</a></td><td rowspan="1">1732938622026</td><td rowspan="1">8</td></tr><tr class="failedodd"><td><a href="#m4">US2testCase4</a></td><td rowspan="1">1732938623165</td><td rowspan="1">18</td></tr><tr class="failedodd"><td><a href="#m5">US2testCase5</a></td><td rowspan="1">1732938623184</td><td rowspan="1">16</td></tr><tr class="failedodd"><td><a href="#m6">US2testCase6</a></td><td rowspan="1">1732938623201</td><td rowspan="1">9</td></tr><tr class="failedodd"><td><a href="#m7">US2testCase7</a></td><td rowspan="1">1732938623211</td><td rowspan="1">8</td></tr><tr class="failedodd"><td><a href="#m8">US2testCase8</a></td><td rowspan="1">1732938623220</td><td rowspan="1">8</td></tr><tr class="failedodd"><td><a href="#m9">US2testCase9</a></td><td rowspan="1">1732938623229</td><td rowspan="1">7</td></tr><tr class="failedeven"><td rowspan="1">testCases.US3TaxReliefGenerationBKDashboard</td><td><a href="#m10">US3testCase1</a></td><td rowspan="1">1732938623237</td><td rowspan="1">1126</td></tr><tr class="failedodd"><td rowspan="2">testCases.US4CreateHeroWithVoucherAPI</td><td><a href="#m11">US4testWithCsvData</a></td><td rowspan="2">1732938624864</td><td rowspan="2">31</td></tr><tr class="failedodd"><td><a href="#m12">US4testWithCsvData</a></td></tr><tr class="failedeven"><td rowspan="1">testCases.US5GetHeroOweMoneyAPI</td><td><a href="#m13">US5testCase1</a></td><td rowspan="1">1732938625227</td><td rowspan="1">12</td></tr><tr><th colspan="4">Regression Test &#8212; passed</th></tr><tr class="passedeven"><td rowspan="18">testCases.US1CreateHeroAPI</td><td><a href="#m14">US1testWithCsvData</a></td><td rowspan="18">1732938620145</td><td rowspan="18">33</td></tr><tr class="passedeven"><td><a href="#m15">US1testWithCsvData</a></td></tr><tr class="passedeven"><td><a href="#m16">US1testWithCsvData</a></td></tr><tr class="passedeven"><td><a href="#m17">US1testWithCsvData</a></td></tr><tr class="passedeven"><td><a href="#m18">US1testWithCsvData</a></td></tr><tr class="passedeven"><td><a href="#m19">US1testWithCsvData</a></td></tr><tr class="passedeven"><td><a href="#m20">US1testWithCsvData</a></td></tr><tr class="passedeven"><td><a href="#m21">US1testWithCsvData</a></td></tr><tr class="passedeven"><td><a href="#m22">US1testWithCsvData</a></td></tr><tr class="passedeven"><td><a href="#m23">US1testWithCsvData</a></td></tr><tr class="passedeven"><td><a href="#m24">US1testWithCsvData</a></td></tr><tr class="passedeven"><td><a href="#m25">US1testWithCsvData</a></td></tr><tr class="passedeven"><td><a href="#m26">US1testWithCsvData</a></td></tr><tr class="passedeven"><td><a href="#m27">US1testWithCsvData</a></td></tr><tr class="passedeven"><td><a href="#m28">US1testWithCsvData</a></td></tr><tr class="passedeven"><td><a href="#m29">US1testWithCsvData</a></td></tr><tr class="passedeven"><td><a href="#m30">US1testWithCsvData</a></td></tr><tr class="passedeven"><td><a href="#m31">US1testWithCsvData</a></td></tr><tr class="passedodd"><td rowspan="4">testCases.US2CreateHeroClerkDashboard</td><td><a href="#m32">US2testCase1</a></td><td rowspan="1">1732938620473</td><td rowspan="1">1528</td></tr><tr class="passedodd"><td><a href="#m33">US2testCase10</a></td><td rowspan="1">1732938622006</td><td rowspan="1">20</td></tr><tr class="passedodd"><td><a href="#m34">US2testCase2</a></td><td rowspan="1">1732938622035</td><td rowspan="1">1092</td></tr><tr class="passedodd"><td><a href="#m35">US2testCase3</a></td><td rowspan="1">1732938623128</td><td rowspan="1">36</td></tr><tr class="passedeven"><td rowspan="16">testCases.US4CreateHeroWithVoucherAPI</td><td><a href="#m36">US4testWithCsvData</a></td><td rowspan="16">1732938625190</td><td rowspan="16">29</td></tr><tr class="passedeven"><td><a href="#m37">US4testWithCsvData</a></td></tr><tr class="passedeven"><td><a href="#m38">US4testWithCsvData</a></td></tr><tr class="passedeven"><td><a href="#m39">US4testWithCsvData</a></td></tr><tr class="passedeven"><td><a href="#m40">US4testWithCsvData</a></td></tr><tr class="passedeven"><td><a href="#m41">US4testWithCsvData</a></td></tr><tr class="passedeven"><td><a href="#m42">US4testWithCsvData</a></td></tr><tr class="passedeven"><td><a href="#m43">US4testWithCsvData</a></td></tr><tr class="passedeven"><td><a href="#m44">US4testWithCsvData</a></td></tr><tr class="passedeven"><td><a href="#m45">US4testWithCsvData</a></td></tr><tr class="passedeven"><td><a href="#m46">US4testWithCsvData</a></td></tr><tr class="passedeven"><td><a href="#m47">US4testWithCsvData</a></td></tr><tr class="passedeven"><td><a href="#m48">US4testWithCsvData</a></td></tr><tr class="passedeven"><td><a href="#m49">US4testWithCsvData</a></td></tr><tr class="passedeven"><td><a href="#m50">US4testWithCsvData</a></td></tr><tr class="passedeven"><td><a href="#m51">US4testWithCsvData</a></td></tr><tr class="passedodd"><td rowspan="1">testCases.US5GetHeroOweMoneyAPI</td><td><a href="#m52">US5testCase2</a></td><td rowspan="1">1732938625240</td><td rowspan="1">7</td></tr><tr class="passedeven"><td rowspan="1">testCases.US6GetVoucherByPersonTypeAPI</td><td><a href="#m53">US6testCase1</a></td><td rowspan="1">1732938625248</td><td rowspan="1">109</td></tr></tbody>
</table>
<h2>Regression Test</h2><h3 id="m0">testCases.US1CreateHeroAPI#US1testWithCsvData</h3><table class="result"><tr class="param"><th>Parameter #1</th><th>Parameter #2</th></tr><tr class="param stripe"><td>Test Case 21 - Negative - Tax Paid - Negative Number</td><td>CSVRecord [comment=&apos;null&apos;, recordNumber=21, values=[Test Case 21 - Negative - Tax Paid - Negative Number, Negative, natid-31, John Cena, MALE, 1996-01-01T23:59:59, null, 1000.00, -10.00, null, 400, Tax paid must be greater than or equals to zero]]</td></tr><tr><th colspan="2">Exception</th></tr><tr><td colspan="2"><div class="stacktrace">java.lang.AssertionError: expected [Tax paid must be greater than or equals to zero] but found [must be greater than or equal to 0]
	at org.testng.Assert.fail(Assert.java:111)
	at org.testng.Assert.failNotEquals(Assert.java:1578)
	at org.testng.Assert.assertEqualsImpl(Assert.java:150)
	at org.testng.Assert.assertEquals(Assert.java:132)
	at org.testng.Assert.assertEquals(Assert.java:656)
	at org.testng.Assert.assertEquals(Assert.java:666)
	at keywords.WorkingClassHeroes.verifyCreateHeroAPIResponseMessage(WorkingClassHeroes.java:83)
	at testCases.US1CreateHeroAPI.US1testWithCsvData(US1CreateHeroAPI.java:64)
	at java.base/jdk.internal.reflect.DirectMethodHandleAccessor.invoke(DirectMethodHandleAccessor.java:103)
	at java.base/java.lang.reflect.Method.invoke(Method.java:580)
	at org.testng.internal.invokers.MethodInvocationHelper.invokeMethod(MethodInvocationHelper.java:141)
	at org.testng.internal.invokers.TestInvoker.invokeMethod(TestInvoker.java:686)
	at org.testng.internal.invokers.TestInvoker.invokeTestMethod(TestInvoker.java:230)
	at org.testng.internal.invokers.MethodRunner.runInSequence(MethodRunner.java:63)
	at org.testng.internal.invokers.TestInvoker$MethodInvocationAgent.invoke(TestInvoker.java:992)
	at org.testng.internal.invokers.TestInvoker.invokeTestMethods(TestInvoker.java:203)
	at org.testng.internal.invokers.TestMethodWorker.invokeTestMethods(TestMethodWorker.java:154)
	at org.testng.internal.invokers.TestMethodWorker.run(TestMethodWorker.java:134)
	at java.base/java.util.ArrayList.forEach(ArrayList.java:1597)
	at org.testng.TestRunner.privateRun(TestRunner.java:739)
	at org.testng.TestRunner.run(TestRunner.java:614)
	at org.testng.SuiteRunner.runTest(SuiteRunner.java:421)
	at org.testng.SuiteRunner.runSequentially(SuiteRunner.java:413)
	at org.testng.SuiteRunner.privateRun(SuiteRunner.java:373)
	at org.testng.SuiteRunner.run(SuiteRunner.java:312)
	at org.testng.SuiteRunnerWorker.runSuite(SuiteRunnerWorker.java:52)
	at org.testng.SuiteRunnerWorker.run(SuiteRunnerWorker.java:95)
	at org.testng.TestNG.runSuitesSequentially(TestNG.java:1274)
	at org.testng.TestNG.runSuitesLocally(TestNG.java:1208)
	at org.testng.TestNG.runSuites(TestNG.java:1112)
	at org.testng.TestNG.run(TestNG.java:1079)
	at org.testng.remote.AbstractRemoteTestNG.run(AbstractRemoteTestNG.java:115)
	at org.testng.remote.RemoteTestNG.initAndRun(RemoteTestNG.java:293)
	at org.testng.remote.RemoteTestNG.main(RemoteTestNG.java:91)
</div></td></tr></table><p class="totop"><a href="#summary">back to summary</a></p>
<h3 id="m1">testCases.US1CreateHeroAPI#US1testWithCsvData</h3><table class="result"><tr class="param"><th>Parameter #1</th><th>Parameter #2</th></tr><tr class="param stripe"><td>Test Case 17 - Negative - Death Date - Wrong Format</td><td>CSVRecord [comment=&apos;null&apos;, recordNumber=17, values=[Test Case 17 - Negative - Death Date - Wrong Format, Negative, natid-27, John Cena, MALE, 1996-01-01T23:59:59, 2020-21-01T23:59:59, 1000.00, 10.00, null, 400, Invalid deathdate format]]</td></tr><tr><th colspan="2">Exception</th></tr><tr><td colspan="2"><div class="stacktrace">java.lang.AssertionError: expected [400] but found [500]
	at org.testng.Assert.fail(Assert.java:111)
	at org.testng.Assert.failNotEquals(Assert.java:1578)
	at org.testng.Assert.assertEqualsImpl(Assert.java:150)
	at org.testng.Assert.assertEquals(Assert.java:132)
	at org.testng.Assert.assertEquals(Assert.java:656)
	at org.testng.Assert.assertEquals(Assert.java:666)
	at keywords.APIHelper.postAPI(APIHelper.java:106)
	at keywords.WorkingClassHeroes.createHeroAPI(WorkingClassHeroes.java:45)
	at testCases.US1CreateHeroAPI.US1testWithCsvData(US1CreateHeroAPI.java:63)
	at java.base/jdk.internal.reflect.DirectMethodHandleAccessor.invoke(DirectMethodHandleAccessor.java:103)
	at java.base/java.lang.reflect.Method.invoke(Method.java:580)
	at org.testng.internal.invokers.MethodInvocationHelper.invokeMethod(MethodInvocationHelper.java:141)
	at org.testng.internal.invokers.TestInvoker.invokeMethod(TestInvoker.java:686)
	at org.testng.internal.invokers.TestInvoker.invokeTestMethod(TestInvoker.java:230)
	at org.testng.internal.invokers.MethodRunner.runInSequence(MethodRunner.java:63)
	at org.testng.internal.invokers.TestInvoker$MethodInvocationAgent.invoke(TestInvoker.java:992)
	at org.testng.internal.invokers.TestInvoker.invokeTestMethods(TestInvoker.java:203)
	at org.testng.internal.invokers.TestMethodWorker.invokeTestMethods(TestMethodWorker.java:154)
	at org.testng.internal.invokers.TestMethodWorker.run(TestMethodWorker.java:134)
	at java.base/java.util.ArrayList.forEach(ArrayList.java:1597)
	at org.testng.TestRunner.privateRun(TestRunner.java:739)
	at org.testng.TestRunner.run(TestRunner.java:614)
	at org.testng.SuiteRunner.runTest(SuiteRunner.java:421)
	at org.testng.SuiteRunner.runSequentially(SuiteRunner.java:413)
	at org.testng.SuiteRunner.privateRun(SuiteRunner.java:373)
	at org.testng.SuiteRunner.run(SuiteRunner.java:312)
	at org.testng.SuiteRunnerWorker.runSuite(SuiteRunnerWorker.java:52)
	at org.testng.SuiteRunnerWorker.run(SuiteRunnerWorker.java:95)
	at org.testng.TestNG.runSuitesSequentially(TestNG.java:1274)
	at org.testng.TestNG.runSuitesLocally(TestNG.java:1208)
	at org.testng.TestNG.runSuites(TestNG.java:1112)
	at org.testng.TestNG.run(TestNG.java:1079)
	at org.testng.remote.AbstractRemoteTestNG.run(AbstractRemoteTestNG.java:115)
	at org.testng.remote.RemoteTestNG.initAndRun(RemoteTestNG.java:293)
	at org.testng.remote.RemoteTestNG.main(RemoteTestNG.java:91)
</div></td></tr></table><p class="totop"><a href="#summary">back to summary</a></p>
<h3 id="m2">testCases.US1CreateHeroAPI#US1testWithCsvData</h3><table class="result"><tr class="param"><th>Parameter #1</th><th>Parameter #2</th></tr><tr class="param stripe"><td>Test Case 6 - Positive - Death Date Not Null</td><td>CSVRecord [comment=&apos;null&apos;, recordNumber=6, values=[Test Case 6 - Positive - Death Date Not Null, Positive, natid-16, Sasha Tan, FEMALE, 1996-01-01T23:59:59, 2020-01-01T23:59:59, 1000.00, 10.00, null, 200, ]]</td></tr><tr><th colspan="2">Exception</th></tr><tr><td colspan="2"><div class="stacktrace">java.lang.AssertionError: expected [200] but found [500]
	at org.testng.Assert.fail(Assert.java:111)
	at org.testng.Assert.failNotEquals(Assert.java:1578)
	at org.testng.Assert.assertEqualsImpl(Assert.java:150)
	at org.testng.Assert.assertEquals(Assert.java:132)
	at org.testng.Assert.assertEquals(Assert.java:656)
	at org.testng.Assert.assertEquals(Assert.java:666)
	at keywords.APIHelper.postAPI(APIHelper.java:106)
	at keywords.WorkingClassHeroes.createHeroAPI(WorkingClassHeroes.java:45)
	at testCases.US1CreateHeroAPI.US1testWithCsvData(US1CreateHeroAPI.java:63)
	at java.base/jdk.internal.reflect.DirectMethodHandleAccessor.invoke(DirectMethodHandleAccessor.java:103)
	at java.base/java.lang.reflect.Method.invoke(Method.java:580)
	at org.testng.internal.invokers.MethodInvocationHelper.invokeMethod(MethodInvocationHelper.java:141)
	at org.testng.internal.invokers.TestInvoker.invokeMethod(TestInvoker.java:686)
	at org.testng.internal.invokers.TestInvoker.invokeTestMethod(TestInvoker.java:230)
	at org.testng.internal.invokers.MethodRunner.runInSequence(MethodRunner.java:63)
	at org.testng.internal.invokers.TestInvoker$MethodInvocationAgent.invoke(TestInvoker.java:992)
	at org.testng.internal.invokers.TestInvoker.invokeTestMethods(TestInvoker.java:203)
	at org.testng.internal.invokers.TestMethodWorker.invokeTestMethods(TestMethodWorker.java:154)
	at org.testng.internal.invokers.TestMethodWorker.run(TestMethodWorker.java:134)
	at java.base/java.util.ArrayList.forEach(ArrayList.java:1597)
	at org.testng.TestRunner.privateRun(TestRunner.java:739)
	at org.testng.TestRunner.run(TestRunner.java:614)
	at org.testng.SuiteRunner.runTest(SuiteRunner.java:421)
	at org.testng.SuiteRunner.runSequentially(SuiteRunner.java:413)
	at org.testng.SuiteRunner.privateRun(SuiteRunner.java:373)
	at org.testng.SuiteRunner.run(SuiteRunner.java:312)
	at org.testng.SuiteRunnerWorker.runSuite(SuiteRunnerWorker.java:52)
	at org.testng.SuiteRunnerWorker.run(SuiteRunnerWorker.java:95)
	at org.testng.TestNG.runSuitesSequentially(TestNG.java:1274)
	at org.testng.TestNG.runSuitesLocally(TestNG.java:1208)
	at org.testng.TestNG.runSuites(TestNG.java:1112)
	at org.testng.TestNG.run(TestNG.java:1079)
	at org.testng.remote.AbstractRemoteTestNG.run(AbstractRemoteTestNG.java:115)
	at org.testng.remote.RemoteTestNG.initAndRun(RemoteTestNG.java:293)
	at org.testng.remote.RemoteTestNG.main(RemoteTestNG.java:91)
</div></td></tr></table><p class="totop"><a href="#summary">back to summary</a></p>
<h3 id="m3">testCases.US2CreateHeroClerkDashboard#US2testCase11</h3><table class="result"><tr><th>Exception</th></tr><tr><td><div class="stacktrace">java.lang.AssertionError: Positive Record Not Created In DB
	at keywords.Clerk.verifyPartialUploadedDataInDB(Clerk.java:159)
	at testCases.US2CreateHeroClerkDashboard.US2testCase11(US2CreateHeroClerkDashboard.java:100)
	at java.base/jdk.internal.reflect.DirectMethodHandleAccessor.invoke(DirectMethodHandleAccessor.java:103)
	at java.base/java.lang.reflect.Method.invoke(Method.java:580)
	at org.testng.internal.invokers.MethodInvocationHelper.invokeMethod(MethodInvocationHelper.java:141)
	at org.testng.internal.invokers.TestInvoker.invokeMethod(TestInvoker.java:686)
	at org.testng.internal.invokers.TestInvoker.invokeTestMethod(TestInvoker.java:230)
	at org.testng.internal.invokers.MethodRunner.runInSequence(MethodRunner.java:63)
	at org.testng.internal.invokers.TestInvoker$MethodInvocationAgent.invoke(TestInvoker.java:992)
	at org.testng.internal.invokers.TestInvoker.invokeTestMethods(TestInvoker.java:203)
	at org.testng.internal.invokers.TestMethodWorker.invokeTestMethods(TestMethodWorker.java:154)
	at org.testng.internal.invokers.TestMethodWorker.run(TestMethodWorker.java:134)
	at java.base/java.util.ArrayList.forEach(ArrayList.java:1597)
	at org.testng.TestRunner.privateRun(TestRunner.java:739)
	at org.testng.TestRunner.run(TestRunner.java:614)
	at org.testng.SuiteRunner.runTest(SuiteRunner.java:421)
	at org.testng.SuiteRunner.runSequentially(SuiteRunner.java:413)
	at org.testng.SuiteRunner.privateRun(SuiteRunner.java:373)
	at org.testng.SuiteRunner.run(SuiteRunner.java:312)
	at org.testng.SuiteRunnerWorker.runSuite(SuiteRunnerWorker.java:52)
	at org.testng.SuiteRunnerWorker.run(SuiteRunnerWorker.java:95)
	at org.testng.TestNG.runSuitesSequentially(TestNG.java:1274)
	at org.testng.TestNG.runSuitesLocally(TestNG.java:1208)
	at org.testng.TestNG.runSuites(TestNG.java:1112)
	at org.testng.TestNG.run(TestNG.java:1079)
	at org.testng.remote.AbstractRemoteTestNG.run(AbstractRemoteTestNG.java:115)
	at org.testng.remote.RemoteTestNG.initAndRun(RemoteTestNG.java:293)
	at org.testng.remote.RemoteTestNG.main(RemoteTestNG.java:91)
</div></td></tr></table><p class="totop"><a href="#summary">back to summary</a></p>
<h3 id="m4">testCases.US2CreateHeroClerkDashboard#US2testCase4</h3><table class="result"><tr><th>Exception</th></tr><tr><td><div class="stacktrace">java.lang.AssertionError: Negative Record With Invalid Column Named &quot;name&quot; Should Not Be Created In DB
	at keywords.Clerk.verifyPartialUploadedDataInDB(Clerk.java:165)
	at testCases.US2CreateHeroClerkDashboard.US2testCase4(US2CreateHeroClerkDashboard.java:58)
	at java.base/jdk.internal.reflect.DirectMethodHandleAccessor.invoke(DirectMethodHandleAccessor.java:103)
	at java.base/java.lang.reflect.Method.invoke(Method.java:580)
	at org.testng.internal.invokers.MethodInvocationHelper.invokeMethod(MethodInvocationHelper.java:141)
	at org.testng.internal.invokers.TestInvoker.invokeMethod(TestInvoker.java:686)
	at org.testng.internal.invokers.TestInvoker.invokeTestMethod(TestInvoker.java:230)
	at org.testng.internal.invokers.MethodRunner.runInSequence(MethodRunner.java:63)
	at org.testng.internal.invokers.TestInvoker$MethodInvocationAgent.invoke(TestInvoker.java:992)
	at org.testng.internal.invokers.TestInvoker.invokeTestMethods(TestInvoker.java:203)
	at org.testng.internal.invokers.TestMethodWorker.invokeTestMethods(TestMethodWorker.java:154)
	at org.testng.internal.invokers.TestMethodWorker.run(TestMethodWorker.java:134)
	at java.base/java.util.ArrayList.forEach(ArrayList.java:1597)
	at org.testng.TestRunner.privateRun(TestRunner.java:739)
	at org.testng.TestRunner.run(TestRunner.java:614)
	at org.testng.SuiteRunner.runTest(SuiteRunner.java:421)
	at org.testng.SuiteRunner.runSequentially(SuiteRunner.java:413)
	at org.testng.SuiteRunner.privateRun(SuiteRunner.java:373)
	at org.testng.SuiteRunner.run(SuiteRunner.java:312)
	at org.testng.SuiteRunnerWorker.runSuite(SuiteRunnerWorker.java:52)
	at org.testng.SuiteRunnerWorker.run(SuiteRunnerWorker.java:95)
	at org.testng.TestNG.runSuitesSequentially(TestNG.java:1274)
	at org.testng.TestNG.runSuitesLocally(TestNG.java:1208)
	at org.testng.TestNG.runSuites(TestNG.java:1112)
	at org.testng.TestNG.run(TestNG.java:1079)
	at org.testng.remote.AbstractRemoteTestNG.run(AbstractRemoteTestNG.java:115)
	at org.testng.remote.RemoteTestNG.initAndRun(RemoteTestNG.java:293)
	at org.testng.remote.RemoteTestNG.main(RemoteTestNG.java:91)
</div></td></tr></table><p class="totop"><a href="#summary">back to summary</a></p>
<h3 id="m5">testCases.US2CreateHeroClerkDashboard#US2testCase5</h3><table class="result"><tr><th>Exception</th></tr><tr><td><div class="stacktrace">java.lang.AssertionError: Negative Record With Invalid Column Named &quot;gender&quot; Should Not Be Created In DB
	at keywords.Clerk.verifyPartialUploadedDataInDB(Clerk.java:165)
	at testCases.US2CreateHeroClerkDashboard.US2testCase5(US2CreateHeroClerkDashboard.java:64)
	at java.base/jdk.internal.reflect.DirectMethodHandleAccessor.invoke(DirectMethodHandleAccessor.java:103)
	at java.base/java.lang.reflect.Method.invoke(Method.java:580)
	at org.testng.internal.invokers.MethodInvocationHelper.invokeMethod(MethodInvocationHelper.java:141)
	at org.testng.internal.invokers.TestInvoker.invokeMethod(TestInvoker.java:686)
	at org.testng.internal.invokers.TestInvoker.invokeTestMethod(TestInvoker.java:230)
	at org.testng.internal.invokers.MethodRunner.runInSequence(MethodRunner.java:63)
	at org.testng.internal.invokers.TestInvoker$MethodInvocationAgent.invoke(TestInvoker.java:992)
	at org.testng.internal.invokers.TestInvoker.invokeTestMethods(TestInvoker.java:203)
	at org.testng.internal.invokers.TestMethodWorker.invokeTestMethods(TestMethodWorker.java:154)
	at org.testng.internal.invokers.TestMethodWorker.run(TestMethodWorker.java:134)
	at java.base/java.util.ArrayList.forEach(ArrayList.java:1597)
	at org.testng.TestRunner.privateRun(TestRunner.java:739)
	at org.testng.TestRunner.run(TestRunner.java:614)
	at org.testng.SuiteRunner.runTest(SuiteRunner.java:421)
	at org.testng.SuiteRunner.runSequentially(SuiteRunner.java:413)
	at org.testng.SuiteRunner.privateRun(SuiteRunner.java:373)
	at org.testng.SuiteRunner.run(SuiteRunner.java:312)
	at org.testng.SuiteRunnerWorker.runSuite(SuiteRunnerWorker.java:52)
	at org.testng.SuiteRunnerWorker.run(SuiteRunnerWorker.java:95)
	at org.testng.TestNG.runSuitesSequentially(TestNG.java:1274)
	at org.testng.TestNG.runSuitesLocally(TestNG.java:1208)
	at org.testng.TestNG.runSuites(TestNG.java:1112)
	at org.testng.TestNG.run(TestNG.java:1079)
	at org.testng.remote.AbstractRemoteTestNG.run(AbstractRemoteTestNG.java:115)
	at org.testng.remote.RemoteTestNG.initAndRun(RemoteTestNG.java:293)
	at org.testng.remote.RemoteTestNG.main(RemoteTestNG.java:91)
</div></td></tr></table><p class="totop"><a href="#summary">back to summary</a></p>
<h3 id="m6">testCases.US2CreateHeroClerkDashboard#US2testCase6</h3><table class="result"><tr><th>Exception</th></tr><tr><td><div class="stacktrace">java.lang.AssertionError: Negative Record With Invalid Column Named &quot;birth_date&quot; Should Not Be Created In DB
	at keywords.Clerk.verifyPartialUploadedDataInDB(Clerk.java:165)
	at testCases.US2CreateHeroClerkDashboard.US2testCase6(US2CreateHeroClerkDashboard.java:70)
	at java.base/jdk.internal.reflect.DirectMethodHandleAccessor.invoke(DirectMethodHandleAccessor.java:103)
	at java.base/java.lang.reflect.Method.invoke(Method.java:580)
	at org.testng.internal.invokers.MethodInvocationHelper.invokeMethod(MethodInvocationHelper.java:141)
	at org.testng.internal.invokers.TestInvoker.invokeMethod(TestInvoker.java:686)
	at org.testng.internal.invokers.TestInvoker.invokeTestMethod(TestInvoker.java:230)
	at org.testng.internal.invokers.MethodRunner.runInSequence(MethodRunner.java:63)
	at org.testng.internal.invokers.TestInvoker$MethodInvocationAgent.invoke(TestInvoker.java:992)
	at org.testng.internal.invokers.TestInvoker.invokeTestMethods(TestInvoker.java:203)
	at org.testng.internal.invokers.TestMethodWorker.invokeTestMethods(TestMethodWorker.java:154)
	at org.testng.internal.invokers.TestMethodWorker.run(TestMethodWorker.java:134)
	at java.base/java.util.ArrayList.forEach(ArrayList.java:1597)
	at org.testng.TestRunner.privateRun(TestRunner.java:739)
	at org.testng.TestRunner.run(TestRunner.java:614)
	at org.testng.SuiteRunner.runTest(SuiteRunner.java:421)
	at org.testng.SuiteRunner.runSequentially(SuiteRunner.java:413)
	at org.testng.SuiteRunner.privateRun(SuiteRunner.java:373)
	at org.testng.SuiteRunner.run(SuiteRunner.java:312)
	at org.testng.SuiteRunnerWorker.runSuite(SuiteRunnerWorker.java:52)
	at org.testng.SuiteRunnerWorker.run(SuiteRunnerWorker.java:95)
	at org.testng.TestNG.runSuitesSequentially(TestNG.java:1274)
	at org.testng.TestNG.runSuitesLocally(TestNG.java:1208)
	at org.testng.TestNG.runSuites(TestNG.java:1112)
	at org.testng.TestNG.run(TestNG.java:1079)
	at org.testng.remote.AbstractRemoteTestNG.run(AbstractRemoteTestNG.java:115)
	at org.testng.remote.RemoteTestNG.initAndRun(RemoteTestNG.java:293)
	at org.testng.remote.RemoteTestNG.main(RemoteTestNG.java:91)
</div></td></tr></table><p class="totop"><a href="#summary">back to summary</a></p>
<h3 id="m7">testCases.US2CreateHeroClerkDashboard#US2testCase7</h3><table class="result"><tr><th>Exception</th></tr><tr><td><div class="stacktrace">java.lang.AssertionError: Negative Record With Invalid Column Named &quot;salary&quot; Should Not Be Created In DB
	at keywords.Clerk.verifyPartialUploadedDataInDB(Clerk.java:165)
	at testCases.US2CreateHeroClerkDashboard.US2testCase7(US2CreateHeroClerkDashboard.java:76)
	at java.base/jdk.internal.reflect.DirectMethodHandleAccessor.invoke(DirectMethodHandleAccessor.java:103)
	at java.base/java.lang.reflect.Method.invoke(Method.java:580)
	at org.testng.internal.invokers.MethodInvocationHelper.invokeMethod(MethodInvocationHelper.java:141)
	at org.testng.internal.invokers.TestInvoker.invokeMethod(TestInvoker.java:686)
	at org.testng.internal.invokers.TestInvoker.invokeTestMethod(TestInvoker.java:230)
	at org.testng.internal.invokers.MethodRunner.runInSequence(MethodRunner.java:63)
	at org.testng.internal.invokers.TestInvoker$MethodInvocationAgent.invoke(TestInvoker.java:992)
	at org.testng.internal.invokers.TestInvoker.invokeTestMethods(TestInvoker.java:203)
	at org.testng.internal.invokers.TestMethodWorker.invokeTestMethods(TestMethodWorker.java:154)
	at org.testng.internal.invokers.TestMethodWorker.run(TestMethodWorker.java:134)
	at java.base/java.util.ArrayList.forEach(ArrayList.java:1597)
	at org.testng.TestRunner.privateRun(TestRunner.java:739)
	at org.testng.TestRunner.run(TestRunner.java:614)
	at org.testng.SuiteRunner.runTest(SuiteRunner.java:421)
	at org.testng.SuiteRunner.runSequentially(SuiteRunner.java:413)
	at org.testng.SuiteRunner.privateRun(SuiteRunner.java:373)
	at org.testng.SuiteRunner.run(SuiteRunner.java:312)
	at org.testng.SuiteRunnerWorker.runSuite(SuiteRunnerWorker.java:52)
	at org.testng.SuiteRunnerWorker.run(SuiteRunnerWorker.java:95)
	at org.testng.TestNG.runSuitesSequentially(TestNG.java:1274)
	at org.testng.TestNG.runSuitesLocally(TestNG.java:1208)
	at org.testng.TestNG.runSuites(TestNG.java:1112)
	at org.testng.TestNG.run(TestNG.java:1079)
	at org.testng.remote.AbstractRemoteTestNG.run(AbstractRemoteTestNG.java:115)
	at org.testng.remote.RemoteTestNG.initAndRun(RemoteTestNG.java:293)
	at org.testng.remote.RemoteTestNG.main(RemoteTestNG.java:91)
</div></td></tr></table><p class="totop"><a href="#summary">back to summary</a></p>
<h3 id="m8">testCases.US2CreateHeroClerkDashboard#US2testCase8</h3><table class="result"><tr><th>Exception</th></tr><tr><td><div class="stacktrace">java.lang.AssertionError: Negative Record With Invalid Column Named &quot;tax_paid&quot; Should Not Be Created In DB
	at keywords.Clerk.verifyPartialUploadedDataInDB(Clerk.java:165)
	at testCases.US2CreateHeroClerkDashboard.US2testCase8(US2CreateHeroClerkDashboard.java:82)
	at java.base/jdk.internal.reflect.DirectMethodHandleAccessor.invoke(DirectMethodHandleAccessor.java:103)
	at java.base/java.lang.reflect.Method.invoke(Method.java:580)
	at org.testng.internal.invokers.MethodInvocationHelper.invokeMethod(MethodInvocationHelper.java:141)
	at org.testng.internal.invokers.TestInvoker.invokeMethod(TestInvoker.java:686)
	at org.testng.internal.invokers.TestInvoker.invokeTestMethod(TestInvoker.java:230)
	at org.testng.internal.invokers.MethodRunner.runInSequence(MethodRunner.java:63)
	at org.testng.internal.invokers.TestInvoker$MethodInvocationAgent.invoke(TestInvoker.java:992)
	at org.testng.internal.invokers.TestInvoker.invokeTestMethods(TestInvoker.java:203)
	at org.testng.internal.invokers.TestMethodWorker.invokeTestMethods(TestMethodWorker.java:154)
	at org.testng.internal.invokers.TestMethodWorker.run(TestMethodWorker.java:134)
	at java.base/java.util.ArrayList.forEach(ArrayList.java:1597)
	at org.testng.TestRunner.privateRun(TestRunner.java:739)
	at org.testng.TestRunner.run(TestRunner.java:614)
	at org.testng.SuiteRunner.runTest(SuiteRunner.java:421)
	at org.testng.SuiteRunner.runSequentially(SuiteRunner.java:413)
	at org.testng.SuiteRunner.privateRun(SuiteRunner.java:373)
	at org.testng.SuiteRunner.run(SuiteRunner.java:312)
	at org.testng.SuiteRunnerWorker.runSuite(SuiteRunnerWorker.java:52)
	at org.testng.SuiteRunnerWorker.run(SuiteRunnerWorker.java:95)
	at org.testng.TestNG.runSuitesSequentially(TestNG.java:1274)
	at org.testng.TestNG.runSuitesLocally(TestNG.java:1208)
	at org.testng.TestNG.runSuites(TestNG.java:1112)
	at org.testng.TestNG.run(TestNG.java:1079)
	at org.testng.remote.AbstractRemoteTestNG.run(AbstractRemoteTestNG.java:115)
	at org.testng.remote.RemoteTestNG.initAndRun(RemoteTestNG.java:293)
	at org.testng.remote.RemoteTestNG.main(RemoteTestNG.java:91)
</div></td></tr></table><p class="totop"><a href="#summary">back to summary</a></p>
<h3 id="m9">testCases.US2CreateHeroClerkDashboard#US2testCase9</h3><table class="result"><tr><th>Exception</th></tr><tr><td><div class="stacktrace">java.lang.AssertionError: Positive Record Not Created In DB
	at keywords.Clerk.verifyPartialUploadedDataInDB(Clerk.java:159)
	at testCases.US2CreateHeroClerkDashboard.US2testCase9(US2CreateHeroClerkDashboard.java:88)
	at java.base/jdk.internal.reflect.DirectMethodHandleAccessor.invoke(DirectMethodHandleAccessor.java:103)
	at java.base/java.lang.reflect.Method.invoke(Method.java:580)
	at org.testng.internal.invokers.MethodInvocationHelper.invokeMethod(MethodInvocationHelper.java:141)
	at org.testng.internal.invokers.TestInvoker.invokeMethod(TestInvoker.java:686)
	at org.testng.internal.invokers.TestInvoker.invokeTestMethod(TestInvoker.java:230)
	at org.testng.internal.invokers.MethodRunner.runInSequence(MethodRunner.java:63)
	at org.testng.internal.invokers.TestInvoker$MethodInvocationAgent.invoke(TestInvoker.java:992)
	at org.testng.internal.invokers.TestInvoker.invokeTestMethods(TestInvoker.java:203)
	at org.testng.internal.invokers.TestMethodWorker.invokeTestMethods(TestMethodWorker.java:154)
	at org.testng.internal.invokers.TestMethodWorker.run(TestMethodWorker.java:134)
	at java.base/java.util.ArrayList.forEach(ArrayList.java:1597)
	at org.testng.TestRunner.privateRun(TestRunner.java:739)
	at org.testng.TestRunner.run(TestRunner.java:614)
	at org.testng.SuiteRunner.runTest(SuiteRunner.java:421)
	at org.testng.SuiteRunner.runSequentially(SuiteRunner.java:413)
	at org.testng.SuiteRunner.privateRun(SuiteRunner.java:373)
	at org.testng.SuiteRunner.run(SuiteRunner.java:312)
	at org.testng.SuiteRunnerWorker.runSuite(SuiteRunnerWorker.java:52)
	at org.testng.SuiteRunnerWorker.run(SuiteRunnerWorker.java:95)
	at org.testng.TestNG.runSuitesSequentially(TestNG.java:1274)
	at org.testng.TestNG.runSuitesLocally(TestNG.java:1208)
	at org.testng.TestNG.runSuites(TestNG.java:1112)
	at org.testng.TestNG.run(TestNG.java:1079)
	at org.testng.remote.AbstractRemoteTestNG.run(AbstractRemoteTestNG.java:115)
	at org.testng.remote.RemoteTestNG.initAndRun(RemoteTestNG.java:293)
	at org.testng.remote.RemoteTestNG.main(RemoteTestNG.java:91)
</div></td></tr></table><p class="totop"><a href="#summary">back to summary</a></p>
<h3 id="m10">testCases.US3TaxReliefGenerationBKDashboard#US3testCase1</h3><table class="result"><tr><th>Exception</th></tr><tr><td><div class="stacktrace">java.lang.AssertionError: file_status: NEW is not equal to COMPLETED! expected [NEW] but found [COMPLETED]
	at org.testng.Assert.fail(Assert.java:111)
	at org.testng.Assert.failNotEquals(Assert.java:1578)
	at org.testng.Assert.assertEqualsImpl(Assert.java:150)
	at org.testng.Assert.assertEquals(Assert.java:132)
	at org.testng.Assert.assertEquals(Assert.java:656)
	at keywords.BookKeeper.verifyDBFileTable(BookKeeper.java:124)
	at testCases.US3TaxReliefGenerationBKDashboard.US3testCase1(US3TaxReliefGenerationBKDashboard.java:31)
	at java.base/jdk.internal.reflect.DirectMethodHandleAccessor.invoke(DirectMethodHandleAccessor.java:103)
	at java.base/java.lang.reflect.Method.invoke(Method.java:580)
	at org.testng.internal.invokers.MethodInvocationHelper.invokeMethod(MethodInvocationHelper.java:141)
	at org.testng.internal.invokers.TestInvoker.invokeMethod(TestInvoker.java:686)
	at org.testng.internal.invokers.TestInvoker.invokeTestMethod(TestInvoker.java:230)
	at org.testng.internal.invokers.MethodRunner.runInSequence(MethodRunner.java:63)
	at org.testng.internal.invokers.TestInvoker$MethodInvocationAgent.invoke(TestInvoker.java:992)
	at org.testng.internal.invokers.TestInvoker.invokeTestMethods(TestInvoker.java:203)
	at org.testng.internal.invokers.TestMethodWorker.invokeTestMethods(TestMethodWorker.java:154)
	at org.testng.internal.invokers.TestMethodWorker.run(TestMethodWorker.java:134)
	at java.base/java.util.ArrayList.forEach(ArrayList.java:1597)
	at org.testng.TestRunner.privateRun(TestRunner.java:739)
	at org.testng.TestRunner.run(TestRunner.java:614)
	at org.testng.SuiteRunner.runTest(SuiteRunner.java:421)
	at org.testng.SuiteRunner.runSequentially(SuiteRunner.java:413)
	at org.testng.SuiteRunner.privateRun(SuiteRunner.java:373)
	at org.testng.SuiteRunner.run(SuiteRunner.java:312)
	at org.testng.SuiteRunnerWorker.runSuite(SuiteRunnerWorker.java:52)
	at org.testng.SuiteRunnerWorker.run(SuiteRunnerWorker.java:95)
	at org.testng.TestNG.runSuitesSequentially(TestNG.java:1274)
	at org.testng.TestNG.runSuitesLocally(TestNG.java:1208)
	at org.testng.TestNG.runSuites(TestNG.java:1112)
	at org.testng.TestNG.run(TestNG.java:1079)
	at org.testng.remote.AbstractRemoteTestNG.run(AbstractRemoteTestNG.java:115)
	at org.testng.remote.RemoteTestNG.initAndRun(RemoteTestNG.java:293)
	at org.testng.remote.RemoteTestNG.main(RemoteTestNG.java:91)
</div></td></tr></table><p class="totop"><a href="#summary">back to summary</a></p>
<h3 id="m11">testCases.US4CreateHeroWithVoucherAPI#US4testWithCsvData</h3><table class="result"><tr class="param"><th>Parameter #1</th><th>Parameter #2</th></tr><tr class="param stripe"><td>Test Case 9 - Negative - Natid - Number Above 9999999</td><td>CSVRecord [comment=&apos;null&apos;, recordNumber=9, values=[Test Case 9 - Negative - Natid - Number Above 9999999, Negative, natid-9999999990, Beatrice, FEMALE, 1996-02-01T23:59:59, null, 1001.00, 11.00, null, VOUCHER 9, TRAVEL, 400, Invalid natid]]</td></tr><tr><th colspan="2">Exception</th></tr><tr><td colspan="2"><div class="stacktrace">java.lang.AssertionError: expected [400] but found [200]
	at org.testng.Assert.fail(Assert.java:111)
	at org.testng.Assert.failNotEquals(Assert.java:1578)
	at org.testng.Assert.assertEqualsImpl(Assert.java:150)
	at org.testng.Assert.assertEquals(Assert.java:132)
	at org.testng.Assert.assertEquals(Assert.java:656)
	at org.testng.Assert.assertEquals(Assert.java:666)
	at keywords.APIHelper.postAPI(APIHelper.java:106)
	at keywords.WorkingClassHeroes.createHeroWithVoucherAPI(WorkingClassHeroes.java:68)
	at testCases.US4CreateHeroWithVoucherAPI.US4testWithCsvData(US4CreateHeroWithVoucherAPI.java:64)
	at java.base/jdk.internal.reflect.DirectMethodHandleAccessor.invoke(DirectMethodHandleAccessor.java:103)
	at java.base/java.lang.reflect.Method.invoke(Method.java:580)
	at org.testng.internal.invokers.MethodInvocationHelper.invokeMethod(MethodInvocationHelper.java:141)
	at org.testng.internal.invokers.TestInvoker.invokeMethod(TestInvoker.java:686)
	at org.testng.internal.invokers.TestInvoker.invokeTestMethod(TestInvoker.java:230)
	at org.testng.internal.invokers.MethodRunner.runInSequence(MethodRunner.java:63)
	at org.testng.internal.invokers.TestInvoker$MethodInvocationAgent.invoke(TestInvoker.java:992)
	at org.testng.internal.invokers.TestInvoker.invokeTestMethods(TestInvoker.java:203)
	at org.testng.internal.invokers.TestMethodWorker.invokeTestMethods(TestMethodWorker.java:154)
	at org.testng.internal.invokers.TestMethodWorker.run(TestMethodWorker.java:134)
	at java.base/java.util.ArrayList.forEach(ArrayList.java:1597)
	at org.testng.TestRunner.privateRun(TestRunner.java:739)
	at org.testng.TestRunner.run(TestRunner.java:614)
	at org.testng.SuiteRunner.runTest(SuiteRunner.java:421)
	at org.testng.SuiteRunner.runSequentially(SuiteRunner.java:413)
	at org.testng.SuiteRunner.privateRun(SuiteRunner.java:373)
	at org.testng.SuiteRunner.run(SuiteRunner.java:312)
	at org.testng.SuiteRunnerWorker.runSuite(SuiteRunnerWorker.java:52)
	at org.testng.SuiteRunnerWorker.run(SuiteRunnerWorker.java:95)
	at org.testng.TestNG.runSuitesSequentially(TestNG.java:1274)
	at org.testng.TestNG.runSuitesLocally(TestNG.java:1208)
	at org.testng.TestNG.runSuites(TestNG.java:1112)
	at org.testng.TestNG.run(TestNG.java:1079)
	at org.testng.remote.AbstractRemoteTestNG.run(AbstractRemoteTestNG.java:115)
	at org.testng.remote.RemoteTestNG.initAndRun(RemoteTestNG.java:293)
	at org.testng.remote.RemoteTestNG.main(RemoteTestNG.java:91)
</div></td></tr></table><p class="totop"><a href="#summary">back to summary</a></p>
<h3 id="m12">testCases.US4CreateHeroWithVoucherAPI#US4testWithCsvData</h3><table class="result"><tr class="param"><th>Parameter #1</th><th>Parameter #2</th></tr><tr class="param stripe"><td>Test Case 12 - Negative - Name - More than 100 characters</td><td>CSVRecord [comment=&apos;null&apos;, recordNumber=12, values=[Test Case 12 - Negative - Name - More than 100 characters, Negative, natid-63, Jennifer Lopez Jennifer Lopez Jennifer Lopez Jennifer Lopez Jennifer Lopez Jennifer Lopez Jennifer Lopez, FEMALE, 1996-02-01T23:59:59, null, 1001.00, 11.00, null, VOUCHER 12, FOOD, 400, Name must be between 1 and 100 characters]]</td></tr><tr><th colspan="2">Exception</th></tr><tr><td colspan="2"><div class="stacktrace">java.lang.AssertionError: expected [400] but found [200]
	at org.testng.Assert.fail(Assert.java:111)
	at org.testng.Assert.failNotEquals(Assert.java:1578)
	at org.testng.Assert.assertEqualsImpl(Assert.java:150)
	at org.testng.Assert.assertEquals(Assert.java:132)
	at org.testng.Assert.assertEquals(Assert.java:656)
	at org.testng.Assert.assertEquals(Assert.java:666)
	at keywords.APIHelper.postAPI(APIHelper.java:106)
	at keywords.WorkingClassHeroes.createHeroWithVoucherAPI(WorkingClassHeroes.java:68)
	at testCases.US4CreateHeroWithVoucherAPI.US4testWithCsvData(US4CreateHeroWithVoucherAPI.java:64)
	at java.base/jdk.internal.reflect.DirectMethodHandleAccessor.invoke(DirectMethodHandleAccessor.java:103)
	at java.base/java.lang.reflect.Method.invoke(Method.java:580)
	at org.testng.internal.invokers.MethodInvocationHelper.invokeMethod(MethodInvocationHelper.java:141)
	at org.testng.internal.invokers.TestInvoker.invokeMethod(TestInvoker.java:686)
	at org.testng.internal.invokers.TestInvoker.invokeTestMethod(TestInvoker.java:230)
	at org.testng.internal.invokers.MethodRunner.runInSequence(MethodRunner.java:63)
	at org.testng.internal.invokers.TestInvoker$MethodInvocationAgent.invoke(TestInvoker.java:992)
	at org.testng.internal.invokers.TestInvoker.invokeTestMethods(TestInvoker.java:203)
	at org.testng.internal.invokers.TestMethodWorker.invokeTestMethods(TestMethodWorker.java:154)
	at org.testng.internal.invokers.TestMethodWorker.run(TestMethodWorker.java:134)
	at java.base/java.util.ArrayList.forEach(ArrayList.java:1597)
	at org.testng.TestRunner.privateRun(TestRunner.java:739)
	at org.testng.TestRunner.run(TestRunner.java:614)
	at org.testng.SuiteRunner.runTest(SuiteRunner.java:421)
	at org.testng.SuiteRunner.runSequentially(SuiteRunner.java:413)
	at org.testng.SuiteRunner.privateRun(SuiteRunner.java:373)
	at org.testng.SuiteRunner.run(SuiteRunner.java:312)
	at org.testng.SuiteRunnerWorker.runSuite(SuiteRunnerWorker.java:52)
	at org.testng.SuiteRunnerWorker.run(SuiteRunnerWorker.java:95)
	at org.testng.TestNG.runSuitesSequentially(TestNG.java:1274)
	at org.testng.TestNG.runSuitesLocally(TestNG.java:1208)
	at org.testng.TestNG.runSuites(TestNG.java:1112)
	at org.testng.TestNG.run(TestNG.java:1079)
	at org.testng.remote.AbstractRemoteTestNG.run(AbstractRemoteTestNG.java:115)
	at org.testng.remote.RemoteTestNG.initAndRun(RemoteTestNG.java:293)
	at org.testng.remote.RemoteTestNG.main(RemoteTestNG.java:91)
</div></td></tr></table><p class="totop"><a href="#summary">back to summary</a></p>
<h3 id="m13">testCases.US5GetHeroOweMoneyAPI#US5testCase1</h3><table class="result"><tr><th>Exception</th></tr><tr><td><div class="stacktrace">java.lang.AssertionError: expected [200] but found [400]
	at org.testng.Assert.fail(Assert.java:111)
	at org.testng.Assert.failNotEquals(Assert.java:1578)
	at org.testng.Assert.assertEqualsImpl(Assert.java:150)
	at org.testng.Assert.assertEquals(Assert.java:132)
	at org.testng.Assert.assertEquals(Assert.java:656)
	at org.testng.Assert.assertEquals(Assert.java:666)
	at keywords.APIHelper.getAPI(APIHelper.java:67)
	at keywords.WorkingClassHeroes.getHeroOweMoneyAPI(WorkingClassHeroes.java:118)
	at testCases.US5GetHeroOweMoneyAPI.US5testCase1(US5GetHeroOweMoneyAPI.java:20)
	at java.base/jdk.internal.reflect.DirectMethodHandleAccessor.invoke(DirectMethodHandleAccessor.java:103)
	at java.base/java.lang.reflect.Method.invoke(Method.java:580)
	at org.testng.internal.invokers.MethodInvocationHelper.invokeMethod(MethodInvocationHelper.java:141)
	at org.testng.internal.invokers.TestInvoker.invokeMethod(TestInvoker.java:686)
	at org.testng.internal.invokers.TestInvoker.invokeTestMethod(TestInvoker.java:230)
	at org.testng.internal.invokers.MethodRunner.runInSequence(MethodRunner.java:63)
	at org.testng.internal.invokers.TestInvoker$MethodInvocationAgent.invoke(TestInvoker.java:992)
	at org.testng.internal.invokers.TestInvoker.invokeTestMethods(TestInvoker.java:203)
	at org.testng.internal.invokers.TestMethodWorker.invokeTestMethods(TestMethodWorker.java:154)
	at org.testng.internal.invokers.TestMethodWorker.run(TestMethodWorker.java:134)
	at java.base/java.util.ArrayList.forEach(ArrayList.java:1597)
	at org.testng.TestRunner.privateRun(TestRunner.java:739)
	at org.testng.TestRunner.run(TestRunner.java:614)
	at org.testng.SuiteRunner.runTest(SuiteRunner.java:421)
	at org.testng.SuiteRunner.runSequentially(SuiteRunner.java:413)
	at org.testng.SuiteRunner.privateRun(SuiteRunner.java:373)
	at org.testng.SuiteRunner.run(SuiteRunner.java:312)
	at org.testng.SuiteRunnerWorker.runSuite(SuiteRunnerWorker.java:52)
	at org.testng.SuiteRunnerWorker.run(SuiteRunnerWorker.java:95)
	at org.testng.TestNG.runSuitesSequentially(TestNG.java:1274)
	at org.testng.TestNG.runSuitesLocally(TestNG.java:1208)
	at org.testng.TestNG.runSuites(TestNG.java:1112)
	at org.testng.TestNG.run(TestNG.java:1079)
	at org.testng.remote.AbstractRemoteTestNG.run(AbstractRemoteTestNG.java:115)
	at org.testng.remote.RemoteTestNG.initAndRun(RemoteTestNG.java:293)
	at org.testng.remote.RemoteTestNG.main(RemoteTestNG.java:91)
</div></td></tr></table><p class="totop"><a href="#summary">back to summary</a></p>
<h3 id="m14">testCases.US1CreateHeroAPI#US1testWithCsvData</h3><table class="result"><tr class="param"><th>Parameter #1</th><th>Parameter #2</th></tr><tr class="param stripe"><td>Test Case 9 - Negative - Natid - Wrong Format</td><td>CSVRecord [comment=&apos;null&apos;, recordNumber=9, values=[Test Case 9 - Negative - Natid - Wrong Format, Negative, natid-1a, Jennifer Lopez, FEMALE, 1996-02-01T23:59:59, null, 1001.00, 11.00, null, 400, Invalid natid]]</td></tr></table><p class="totop"><a href="#summary">back to summary</a></p>
<h3 id="m15">testCases.US1CreateHeroAPI#US1testWithCsvData</h3><table class="result"><tr class="param"><th>Parameter #1</th><th>Parameter #2</th></tr><tr class="param stripe"><td>Test Case 13 - Negative - Name - More than 100 characters</td><td>CSVRecord [comment=&apos;null&apos;, recordNumber=13, values=[Test Case 13 - Negative - Name - More than 100 characters, Negative, natid-23, Jennifer Lopez Jennifer Lopez Jennifer Lopez Jennifer Lopez Jennifer Lopez Jennifer Lopez Jennifer Lopez, FEMALE, 1996-02-01T23:59:59, null, 1001.00, 11.00, null, 400, Name must be between 1 and 100 characters]]</td></tr></table><p class="totop"><a href="#summary">back to summary</a></p>
<h3 id="m16">testCases.US1CreateHeroAPI#US1testWithCsvData</h3><table class="result"><tr class="param"><th>Parameter #1</th><th>Parameter #2</th></tr><tr class="param stripe"><td>Test Case 14 - Negative - Gender - Invalid Capitalisation</td><td>CSVRecord [comment=&apos;null&apos;, recordNumber=14, values=[Test Case 14 - Negative - Gender - Invalid Capitalisation, Negative, natid-24, John Cena, male, 1996-01-01T23:59:59, null, 1000.00, 10.00, null, 400, Invalid gender]]</td></tr></table><p class="totop"><a href="#summary">back to summary</a></p>
<h3 id="m17">testCases.US1CreateHeroAPI#US1testWithCsvData</h3><table class="result"><tr class="param"><th>Parameter #1</th><th>Parameter #2</th></tr><tr class="param stripe"><td>Test Case 16 - Negative - Birth Date - Future Date</td><td>CSVRecord [comment=&apos;null&apos;, recordNumber=16, values=[Test Case 16 - Negative - Birth Date - Future Date, Negative, natid-26, John Cena, MALE, 3000-01-01T23:59:59, null, 1000.00, 10.00, null, 400, There are some issues with working class hero]]</td></tr></table><p class="totop"><a href="#summary">back to summary</a></p>
<h3 id="m18">testCases.US1CreateHeroAPI#US1testWithCsvData</h3><table class="result"><tr class="param"><th>Parameter #1</th><th>Parameter #2</th></tr><tr class="param stripe"><td>Test Case 1 - Positive - Natid - Birth Date - Salary - Tax Paid</td><td>CSVRecord [comment=&apos;null&apos;, recordNumber=1, values=[Test Case 1 - Positive - Natid - Birth Date - Salary - Tax Paid, Positive, natid-11, John Bosh, MALE, 1996-01-01T23:59:59, null, 1000.12, 10.00, null, 200, ]]</td></tr></table><p class="totop"><a href="#summary">back to summary</a></p>
<h3 id="m19">testCases.US1CreateHeroAPI#US1testWithCsvData</h3><table class="result"><tr class="param"><th>Parameter #1</th><th>Parameter #2</th></tr><tr class="param stripe"><td>Test Case 10 - Negative - Natid - Number Above 9999999</td><td>CSVRecord [comment=&apos;null&apos;, recordNumber=10, values=[Test Case 10 - Negative - Natid - Number Above 9999999, Negative, natid-99999990, Jennifer Lopez, FEMALE, 1996-02-01T23:59:59, null, 1001.00, 11.00, null, 400, Invalid natid]]</td></tr></table><p class="totop"><a href="#summary">back to summary</a></p>
<h3 id="m20">testCases.US1CreateHeroAPI#US1testWithCsvData</h3><table class="result"><tr class="param"><th>Parameter #1</th><th>Parameter #2</th></tr><tr class="param stripe"><td>Test Case 18 - Negative - Salary - String</td><td>CSVRecord [comment=&apos;null&apos;, recordNumber=18, values=[Test Case 18 - Negative - Salary - String, Negative, natid-28, John Cena, MALE, 1996-01-01T23:59:59, null, One Thousand, 10.00, null, 400, ]]</td></tr></table><p class="totop"><a href="#summary">back to summary</a></p>
<h3 id="m21">testCases.US1CreateHeroAPI#US1testWithCsvData</h3><table class="result"><tr class="param"><th>Parameter #1</th><th>Parameter #2</th></tr><tr class="param stripe"><td>Test Case 19 - Negative - Salary - Negative Number</td><td>CSVRecord [comment=&apos;null&apos;, recordNumber=19, values=[Test Case 19 - Negative - Salary - Negative Number, Negative, natid-29, John Cena, MALE, 1996-01-01T23:59:59, null, -1000.00, 10.00, null, 400, Salary must be greater than or equals to zero]]</td></tr></table><p class="totop"><a href="#summary">back to summary</a></p>
<h3 id="m22">testCases.US1CreateHeroAPI#US1testWithCsvData</h3><table class="result"><tr class="param"><th>Parameter #1</th><th>Parameter #2</th></tr><tr class="param stripe"><td>Test Case 3 - Positive - Gender MALE</td><td>CSVRecord [comment=&apos;null&apos;, recordNumber=3, values=[Test Case 3 - Positive - Gender MALE, Positive, natid-13, Chris John, MALE, 1996-01-01T23:59:59, null, 1000.00, 10.00, null, 200, ]]</td></tr></table><p class="totop"><a href="#summary">back to summary</a></p>
<h3 id="m23">testCases.US1CreateHeroAPI#US1testWithCsvData</h3><table class="result"><tr class="param"><th>Parameter #1</th><th>Parameter #2</th></tr><tr class="param stripe"><td>Test Case 11 - Negative - Name - Special Character</td><td>CSVRecord [comment=&apos;null&apos;, recordNumber=11, values=[Test Case 11 - Negative - Name - Special Character, Negative, natid-21, Jennifer-Lopez, FEMALE, 1996-02-01T23:59:59, null, 1001.00, 11.00, null, 400, Invalid name]]</td></tr></table><p class="totop"><a href="#summary">back to summary</a></p>
<h3 id="m24">testCases.US1CreateHeroAPI#US1testWithCsvData</h3><table class="result"><tr class="param"><th>Parameter #1</th><th>Parameter #2</th></tr><tr class="param stripe"><td>Test Case 4 - Positive - Gender FEMALE</td><td>CSVRecord [comment=&apos;null&apos;, recordNumber=4, values=[Test Case 4 - Positive - Gender FEMALE, Positive, natid-14, Sasha NF, FEMALE, 1996-01-01T23:59:59, null, 1000.00, 10.00, null, 200, ]]</td></tr></table><p class="totop"><a href="#summary">back to summary</a></p>
<h3 id="m25">testCases.US1CreateHeroAPI#US1testWithCsvData</h3><table class="result"><tr class="param"><th>Parameter #1</th><th>Parameter #2</th></tr><tr class="param stripe"><td>Test Case 12 - Negative - Name - Number</td><td>CSVRecord [comment=&apos;null&apos;, recordNumber=12, values=[Test Case 12 - Negative - Name - Number, Negative, natid-22, Jennifer9Lopez, FEMALE, 1996-02-01T23:59:59, null, 1001.00, 11.00, null, 400, Invalid name]]</td></tr></table><p class="totop"><a href="#summary">back to summary</a></p>
<h3 id="m26">testCases.US1CreateHeroAPI#US1testWithCsvData</h3><table class="result"><tr class="param"><th>Parameter #1</th><th>Parameter #2</th></tr><tr class="param stripe"><td>Test Case 5 - Positive - Death Date Null</td><td>CSVRecord [comment=&apos;null&apos;, recordNumber=5, values=[Test Case 5 - Positive - Death Date Null, Positive, natid-15, Sasha Lee, FEMALE, 1996-01-01T23:59:59, null, 1000.00, 10.00, null, 200, ]]</td></tr></table><p class="totop"><a href="#summary">back to summary</a></p>
<h3 id="m27">testCases.US1CreateHeroAPI#US1testWithCsvData</h3><table class="result"><tr class="param"><th>Parameter #1</th><th>Parameter #2</th></tr><tr class="param stripe"><td>Test Case 20 - Negative - Tax Paid - String</td><td>CSVRecord [comment=&apos;null&apos;, recordNumber=20, values=[Test Case 20 - Negative - Tax Paid - String, Negative, natid-30, John Cena, MALE, 1996-01-01T23:59:59, null, 1000.00, ten, null, 400, ]]</td></tr></table><p class="totop"><a href="#summary">back to summary</a></p>
<h3 id="m28">testCases.US1CreateHeroAPI#US1testWithCsvData</h3><table class="result"><tr class="param"><th>Parameter #1</th><th>Parameter #2</th></tr><tr class="param stripe"><td>Test Case 2 - Positive - Name</td><td>CSVRecord [comment=&apos;null&apos;, recordNumber=2, values=[Test Case 2 - Positive - Name, Positive, natid-12, John Cena, MALE, 1996-01-01T23:59:59, null, 1000.00, 10.00, null, 200, ]]</td></tr></table><p class="totop"><a href="#summary">back to summary</a></p>
<h3 id="m29">testCases.US1CreateHeroAPI#US1testWithCsvData</h3><table class="result"><tr class="param"><th>Parameter #1</th><th>Parameter #2</th></tr><tr class="param stripe"><td>Test Case 7 - Positive - Brownie Points Null</td><td>CSVRecord [comment=&apos;null&apos;, recordNumber=7, values=[Test Case 7 - Positive - Brownie Points Null, Positive, natid-17, Madeline Haw, FEMALE, 1996-01-01T23:59:59, null, 1000.00, 10.00, null, 200, ]]</td></tr></table><p class="totop"><a href="#summary">back to summary</a></p>
<h3 id="m30">testCases.US1CreateHeroAPI#US1testWithCsvData</h3><table class="result"><tr class="param"><th>Parameter #1</th><th>Parameter #2</th></tr><tr class="param stripe"><td>Test Case 8 - Positive - Brownie Points Not Null</td><td>CSVRecord [comment=&apos;null&apos;, recordNumber=8, values=[Test Case 8 - Positive - Brownie Points Not Null, Positive, natid-18, Jessie Hock, FEMALE, 1996-01-01T23:59:59, null, 1000.00, 10.00, 20, 200, ]]</td></tr></table><p class="totop"><a href="#summary">back to summary</a></p>
<h3 id="m31">testCases.US1CreateHeroAPI#US1testWithCsvData</h3><table class="result"><tr class="param"><th>Parameter #1</th><th>Parameter #2</th></tr><tr class="param stripe"><td>Test Case 15 - Negative - Birth Date - Wrong Format</td><td>CSVRecord [comment=&apos;null&apos;, recordNumber=15, values=[Test Case 15 - Negative - Birth Date - Wrong Format, Negative, natid-25, John Cena, MALE, 1996-01-01 23:59:59, null, 1000.00, 10.00, null, 400, Invalid birthdate format]]</td></tr></table><p class="totop"><a href="#summary">back to summary</a></p>
<h3 id="m32">testCases.US2CreateHeroClerkDashboard#US2testCase1</h3><table class="result"><tr><th class="invisible"/></tr></table><p class="totop"><a href="#summary">back to summary</a></p>
<h3 id="m33">testCases.US2CreateHeroClerkDashboard#US2testCase10</h3><table class="result"><tr><th class="invisible"/></tr></table><p class="totop"><a href="#summary">back to summary</a></p>
<h3 id="m34">testCases.US2CreateHeroClerkDashboard#US2testCase2</h3><table class="result"><tr><th class="invisible"/></tr></table><p class="totop"><a href="#summary">back to summary</a></p>
<h3 id="m35">testCases.US2CreateHeroClerkDashboard#US2testCase3</h3><table class="result"><tr><th class="invisible"/></tr></table><p class="totop"><a href="#summary">back to summary</a></p>
<h3 id="m36">testCases.US4CreateHeroWithVoucherAPI#US4testWithCsvData</h3><table class="result"><tr class="param"><th>Parameter #1</th><th>Parameter #2</th></tr><tr class="param stripe"><td>Test Case 18 - Negative - Tax Paid - String</td><td>CSVRecord [comment=&apos;null&apos;, recordNumber=18, values=[Test Case 18 - Negative - Tax Paid - String, Negative, natid-69, John Cena, MALE, 1996-01-01T23:59:59, null, 1000.00, ten, null, VOUCHER 18, TRAVEL, 400, ]]</td></tr></table><p class="totop"><a href="#summary">back to summary</a></p>
<h3 id="m37">testCases.US4CreateHeroWithVoucherAPI#US4testWithCsvData</h3><table class="result"><tr class="param"><th>Parameter #1</th><th>Parameter #2</th></tr><tr class="param stripe"><td>Test Case 8 - Negative - Natid - Wrong Format</td><td>CSVRecord [comment=&apos;null&apos;, recordNumber=8, values=[Test Case 8 - Negative - Natid - Wrong Format, Negative, natid-5a, Yue Yue, FEMALE, 1996-02-01T23:59:59, null, 1001.00, 11.00, null, VOUCHER 8, SPORT, 400, ]]</td></tr></table><p class="totop"><a href="#summary">back to summary</a></p>
<h3 id="m38">testCases.US4CreateHeroWithVoucherAPI#US4testWithCsvData</h3><table class="result"><tr class="param"><th>Parameter #1</th><th>Parameter #2</th></tr><tr class="param stripe"><td>Test Case 7 - Positive - Brownie Points Not Null</td><td>CSVRecord [comment=&apos;null&apos;, recordNumber=7, values=[Test Case 7 - Positive - Brownie Points Not Null, Positive, natid-56, DeDe, FEMALE, 1996-01-01T23:59:59, null, 1000.00, 10.00, 5, VOUCHER 7, TRAVEL, 200, ]]</td></tr></table><p class="totop"><a href="#summary">back to summary</a></p>
<h3 id="m39">testCases.US4CreateHeroWithVoucherAPI#US4testWithCsvData</h3><table class="result"><tr class="param"><th>Parameter #1</th><th>Parameter #2</th></tr><tr class="param stripe"><td>Test Case 2 - Positive - Name</td><td>CSVRecord [comment=&apos;null&apos;, recordNumber=2, values=[Test Case 2 - Positive - Name, Positive, natid-52, Shawn, MALE, 1996-01-01T23:59:59, null, 1000.00, 10.00, null, VOUCHER 2, FOOD, 200, ]]</td></tr></table><p class="totop"><a href="#summary">back to summary</a></p>
<h3 id="m40">testCases.US4CreateHeroWithVoucherAPI#US4testWithCsvData</h3><table class="result"><tr class="param"><th>Parameter #1</th><th>Parameter #2</th></tr><tr class="param stripe"><td>Test Case 16 - Negative - Salary - String</td><td>CSVRecord [comment=&apos;null&apos;, recordNumber=16, values=[Test Case 16 - Negative - Salary - String, Negative, natid-67, John Cena, MALE, 1996-01-01T23:59:59, null, One Thousand, 10.00, null, VOUCHER 16, SPORT, 400, ]]</td></tr></table><p class="totop"><a href="#summary">back to summary</a></p>
<h3 id="m41">testCases.US4CreateHeroWithVoucherAPI#US4testWithCsvData</h3><table class="result"><tr class="param"><th>Parameter #1</th><th>Parameter #2</th></tr><tr class="param stripe"><td>Test Case 11 - Negative - Name - Number</td><td>CSVRecord [comment=&apos;null&apos;, recordNumber=11, values=[Test Case 11 - Negative - Name - Number, Negative, natid-62, Jennifer9Lopez, FEMALE, 1996-02-01T23:59:59, null, 1001.00, 11.00, null, VOUCHER 11, FOOD, 400, Invalid name]]</td></tr></table><p class="totop"><a href="#summary">back to summary</a></p>
<h3 id="m42">testCases.US4CreateHeroWithVoucherAPI#US4testWithCsvData</h3><table class="result"><tr class="param"><th>Parameter #1</th><th>Parameter #2</th></tr><tr class="param stripe"><td>Test Case 14 - Negative - Birth Date - Wrong Format</td><td>CSVRecord [comment=&apos;null&apos;, recordNumber=14, values=[Test Case 14 - Negative - Birth Date - Wrong Format, Negative, natid-65, John Cena, MALE, 1996-01-01 23:59:59, null, 1000.00, 10.00, null, VOUCHER 14, SPORT, 400, ]]</td></tr></table><p class="totop"><a href="#summary">back to summary</a></p>
<h3 id="m43">testCases.US4CreateHeroWithVoucherAPI#US4testWithCsvData</h3><table class="result"><tr class="param"><th>Parameter #1</th><th>Parameter #2</th></tr><tr class="param stripe"><td>Test Case 5 - Positive - Death Date Null</td><td>CSVRecord [comment=&apos;null&apos;, recordNumber=5, values=[Test Case 5 - Positive - Death Date Null, Positive, natid-55, Yenn Yee, FEMALE, 1996-01-01T23:59:59, null, 1000.00, 10.00, null, VOUCHER 5, FOOD, 200, ]]</td></tr></table><p class="totop"><a href="#summary">back to summary</a></p>
<h3 id="m44">testCases.US4CreateHeroWithVoucherAPI#US4testWithCsvData</h3><table class="result"><tr class="param"><th>Parameter #1</th><th>Parameter #2</th></tr><tr class="param stripe"><td>Test Case 17 - Negative - Salary - Negative Number</td><td>CSVRecord [comment=&apos;null&apos;, recordNumber=17, values=[Test Case 17 - Negative - Salary - Negative Number, Negative, natid-68, John Cena, MALE, 1996-01-01T23:59:59, null, -1000.00, 10.00, null, VOUCHER 17, TRAVEL, 400, Salary must be greater than or equals to zero]]</td></tr></table><p class="totop"><a href="#summary">back to summary</a></p>
<h3 id="m45">testCases.US4CreateHeroWithVoucherAPI#US4testWithCsvData</h3><table class="result"><tr class="param"><th>Parameter #1</th><th>Parameter #2</th></tr><tr class="param stripe"><td>Test Case 1 - Positive - Natid - Birth Date - Salary - Tax Paid</td><td>CSVRecord [comment=&apos;null&apos;, recordNumber=1, values=[Test Case 1 - Positive - Natid - Birth Date - Salary - Tax Paid, Positive, natid-51, John Bosh, MALE, 1996-01-01T23:59:59, null, 1000.12, 10.00, null, VOUCHER 1, TRAVEL, 200, ]]</td></tr></table><p class="totop"><a href="#summary">back to summary</a></p>
<h3 id="m46">testCases.US4CreateHeroWithVoucherAPI#US4testWithCsvData</h3><table class="result"><tr class="param"><th>Parameter #1</th><th>Parameter #2</th></tr><tr class="param stripe"><td>Test Case 13 - Negative - Gender - Invalid Capitalisation</td><td>CSVRecord [comment=&apos;null&apos;, recordNumber=13, values=[Test Case 13 - Negative - Gender - Invalid Capitalisation, Negative, natid-64, John Cena, male, 1996-01-01T23:59:59, null, 1000.00, 10.00, null, VOUCHER 13, FOOD, 400, Invalid gender]]</td></tr></table><p class="totop"><a href="#summary">back to summary</a></p>
<h3 id="m47">testCases.US4CreateHeroWithVoucherAPI#US4testWithCsvData</h3><table class="result"><tr class="param"><th>Parameter #1</th><th>Parameter #2</th></tr><tr class="param stripe"><td>Test Case 6 - Positive - Brownie Points Null</td><td>CSVRecord [comment=&apos;null&apos;, recordNumber=6, values=[Test Case 6 - Positive - Brownie Points Null, Positive, natid-56, Angel, FEMALE, 1996-01-01T23:59:59, null, 1000.00, 10.00, null, VOUCHER 6, TRAVEL, 200, ]]</td></tr></table><p class="totop"><a href="#summary">back to summary</a></p>
<h3 id="m48">testCases.US4CreateHeroWithVoucherAPI#US4testWithCsvData</h3><table class="result"><tr class="param"><th>Parameter #1</th><th>Parameter #2</th></tr><tr class="param stripe"><td>Test Case 15 - Negative - Birth Date - Future Date</td><td>CSVRecord [comment=&apos;null&apos;, recordNumber=15, values=[Test Case 15 - Negative - Birth Date - Future Date, Negative, natid-66, John Cena, MALE, 3000-01-01T23:59:59, null, 1000.00, 10.00, null, VOUCHER 15, TRAVEL, 400, There are some issues with working class hero]]</td></tr></table><p class="totop"><a href="#summary">back to summary</a></p>
<h3 id="m49">testCases.US4CreateHeroWithVoucherAPI#US4testWithCsvData</h3><table class="result"><tr class="param"><th>Parameter #1</th><th>Parameter #2</th></tr><tr class="param stripe"><td>Test Case 4 - Positive - Gender FEMALE</td><td>CSVRecord [comment=&apos;null&apos;, recordNumber=4, values=[Test Case 4 - Positive - Gender FEMALE, Positive, natid-54, Grace, FEMALE, 1996-01-01T23:59:59, null, 1000.00, 10.00, null, VOUCHER 4, TRAVEL, 200, ]]</td></tr></table><p class="totop"><a href="#summary">back to summary</a></p>
<h3 id="m50">testCases.US4CreateHeroWithVoucherAPI#US4testWithCsvData</h3><table class="result"><tr class="param"><th>Parameter #1</th><th>Parameter #2</th></tr><tr class="param stripe"><td>Test Case 10 - Negative - Name - Special Character</td><td>CSVRecord [comment=&apos;null&apos;, recordNumber=10, values=[Test Case 10 - Negative - Name - Special Character, Negative, natid-61, Jennifer-Lopez, FEMALE, 1996-02-01T23:59:59, null, 1001.00, 11.00, null, VOUCHER 10, TRAVEL, 400, Invalid name]]</td></tr></table><p class="totop"><a href="#summary">back to summary</a></p>
<h3 id="m51">testCases.US4CreateHeroWithVoucherAPI#US4testWithCsvData</h3><table class="result"><tr class="param"><th>Parameter #1</th><th>Parameter #2</th></tr><tr class="param stripe"><td>Test Case 3 - Positive - Gender MALE</td><td>CSVRecord [comment=&apos;null&apos;, recordNumber=3, values=[Test Case 3 - Positive - Gender MALE, Positive, natid-53, Justin, MALE, 1996-01-01T23:59:59, null, 1000.00, 10.00, null, VOUCHER 3, TRAVEL, 200, ]]</td></tr></table><p class="totop"><a href="#summary">back to summary</a></p>
<h3 id="m52">testCases.US5GetHeroOweMoneyAPI#US5testCase2</h3><table class="result"><tr><th class="invisible"/></tr></table><p class="totop"><a href="#summary">back to summary</a></p>
<h3 id="m53">testCases.US6GetVoucherByPersonTypeAPI#US6testCase1</h3><table class="result"><tr><th class="invisible"/></tr></table><p class="totop"><a href="#summary">back to summary</a></p>
</body>
</html>
